This is pdfTeX, Version 3.141592653-2.6-1.40.25 (TeX Live 2023) (preloaded format=pdflatex 2023.11.8)  11 NOV 2023 10:59
entering extended mode
 restricted \write18 enabled.
 file:line:error style messages enabled.
 %&-line parsing enabled.
**/Users/jakubheczko/Documents/Numerki/zadania_numeryczne/zad2/opracowanie/opracowanie.tex
(/Users/jakubheczko/Documents/Numerki/zadania_numeryczne/zad2/opracowanie/opracowanie.tex
LaTeX2e <2022-11-01> patch level 1
L3 programming layer <2023-02-22> (/usr/local/texlive/2023/texmf-dist/tex/latex/base/article.cls
Document Class: article 2022/07/02 v1.4n Standard LaTeX document class
(/usr/local/texlive/2023/texmf-dist/tex/latex/base/size12.clo
File: size12.clo 2022/07/02 v1.4n Standard LaTeX file (size option)
)
\c@part=\count185
\c@section=\count186
\c@subsection=\count187
\c@subsubsection=\count188
\c@paragraph=\count189
\c@subparagraph=\count190
\c@figure=\count191
\c@table=\count192
\abovecaptionskip=\skip48
\belowcaptionskip=\skip49
\bibindent=\dimen140
) (/usr/local/texlive/2023/texmf-dist/tex/latex/base/fontenc.sty
Package: fontenc 2021/04/29 v2.0v Standard LaTeX package
) (/usr/local/texlive/2023/texmf-dist/tex/generic/babel/babel.sty
Package: babel 2023/02/13 3.86 The Babel package
\babel@savecnt=\count193
\U@D=\dimen141
\l@unhyphenated=\language87
 (/usr/local/texlive/2023/texmf-dist/tex/generic/babel/txtbabel.def)
\bbl@readstream=\read2
\bbl@dirlevel=\count194
 (/usr/local/texlive/2023/texmf-dist/tex/generic/babel-polish/polish.ldf
Language: polish 2022/03/12 1.3 Babel support for Polish
Package babel Info: Making " an active character on input line 101.
)) (/usr/local/texlive/2023/texmf-dist/tex/generic/babel/locale/pl/babel-polish.tex
Package babel Info: Importing font and identification data for polish
(babel)             from babel-pl.ini. Reported on input line 11.
) (/usr/local/texlive/2023/texmf-dist/tex/latex/base/inputenc.sty
Package: inputenc 2021/02/14 v1.3d Input encoding file
\inpenc@prehook=\toks16
\inpenc@posthook=\toks17
) (/usr/local/texlive/2023/texmf-dist/tex/latex/graphics/graphicx.sty
Package: graphicx 2021/09/16 v1.2d Enhanced LaTeX Graphics (DPC,SPQR)
 (/usr/local/texlive/2023/texmf-dist/tex/latex/graphics/keyval.sty
Package: keyval 2022/05/29 v1.15 key=value parser (DPC)
\KV@toks@=\toks18
) (/usr/local/texlive/2023/texmf-dist/tex/latex/graphics/graphics.sty
Package: graphics 2022/03/10 v1.4e Standard LaTeX Graphics (DPC,SPQR)
 (/usr/local/texlive/2023/texmf-dist/tex/latex/graphics/trig.sty
Package: trig 2021/08/11 v1.11 sin cos tan (DPC)
) (/usr/local/texlive/2023/texmf-dist/tex/latex/graphics-cfg/graphics.cfg
File: graphics.cfg 2016/06/04 v1.11 sample graphics configuration
)
Package graphics Info: Driver file: pdftex.def on input line 107.
 (/usr/local/texlive/2023/texmf-dist/tex/latex/graphics-def/pdftex.def
File: pdftex.def 2022/09/22 v1.2b Graphics/color driver for pdftex
))
\Gin@req@height=\dimen142
\Gin@req@width=\dimen143
) (/usr/local/texlive/2023/texmf-dist/tex/latex/l3backend/l3backend-pdftex.def
File: l3backend-pdftex.def 2023-01-16 L3 backend support: PDF output (pdfTeX)
\l__color_backend_stack_int=\count195
\l__pdf_internal_box=\box51
) (./opracowanie.aux)
\openout1 = `opracowanie.aux'.

LaTeX Font Info:    Checking defaults for OML/cmm/m/it on input line 14.
LaTeX Font Info:    ... okay on input line 14.
LaTeX Font Info:    Checking defaults for OMS/cmsy/m/n on input line 14.
LaTeX Font Info:    ... okay on input line 14.
LaTeX Font Info:    Checking defaults for OT1/cmr/m/n on input line 14.
LaTeX Font Info:    ... okay on input line 14.
LaTeX Font Info:    Checking defaults for T1/cmr/m/n on input line 14.
LaTeX Font Info:    ... okay on input line 14.
LaTeX Font Info:    Checking defaults for TS1/cmr/m/n on input line 14.
LaTeX Font Info:    ... okay on input line 14.
LaTeX Font Info:    Checking defaults for OMX/cmex/m/n on input line 14.
LaTeX Font Info:    ... okay on input line 14.
LaTeX Font Info:    Checking defaults for U/cmr/m/n on input line 14.
LaTeX Font Info:    ... okay on input line 14.
 (/usr/local/texlive/2023/texmf-dist/tex/context/base/mkii/supp-pdf.mkii
[Loading MPS to PDF converter (version 2006.09.02).]
\scratchcounter=\count196
\scratchdimen=\dimen144
\scratchbox=\box52
\nofMPsegments=\count197
\nofMParguments=\count198
\everyMPshowfont=\toks19
\MPscratchCnt=\count199
\MPscratchDim=\dimen145
\MPnumerator=\count266
\makeMPintoPDFobject=\count267
\everyMPtoPDFconversion=\toks20
) (/usr/local/texlive/2023/texmf-dist/tex/latex/epstopdf-pkg/epstopdf-base.sty
Package: epstopdf-base 2020-01-24 v2.11 Base part for package epstopdf
Package epstopdf-base Info: Redefining graphics rule for `.eps' on input line 485.
 (/usr/local/texlive/2023/texmf-dist/tex/latex/latexconfig/epstopdf-sys.cfg
File: epstopdf-sys.cfg 2010/07/13 v1.3 Configuration of (r)epstopdf for TeX Live
))
LaTeX Font Info:    External font `cmex10' loaded for size
(Font)              <14.4> on input line 15.
LaTeX Font Info:    External font `cmex10' loaded for size
(Font)              <7> on input line 15.
<./images/wykres_double_1.png, id=1, 1214.5375pt x 647.41875pt>
File: ./images/wykres_double_1.png Graphic file (type png)
<use ./images/wykres_double_1.png>
Package pdftex.def Info: ./images/wykres_double_1.png  used on input line 22.
(pdftex.def)             Requested size: 426.78094pt x 227.49892pt.

Overfull \hbox (36.78094pt too wide) in paragraph at lines 22--23
[] 
 []

[1

{/usr/local/texlive/2023/texmf-var/fonts/map/pdftex/updmap/pdftex.map}{/usr/local/texlive/2023/texmf-dist/fonts/enc/dvips/cm-super/cm-super-t1.enc}]
<./images/wykres_float_1.png, id=12, 1224.575pt x 674.52pt>
File: ./images/wykres_float_1.png Graphic file (type png)
<use ./images/wykres_float_1.png>
Package pdftex.def Info: ./images/wykres_float_1.png  used on input line 24.
(pdftex.def)             Requested size: 426.77649pt x 235.07689pt.

Overfull \hbox (36.77649pt too wide) in paragraph at lines 24--25
[] 
 []

[2 <./images/wykres_double_1.png>]
LaTeX Font Info:    External font `cmex10' loaded for size
(Font)              <12> on input line 26.
LaTeX Font Info:    External font `cmex10' loaded for size
(Font)              <8> on input line 26.
LaTeX Font Info:    External font `cmex10' loaded for size
(Font)              <6> on input line 26.
<./images/iloraz1.png, id=18, 3035.34pt x 4047.12pt>
File: ./images/iloraz1.png Graphic file (type png)
<use ./images/iloraz1.png>
Package pdftex.def Info: ./images/iloraz1.png  used on input line 29.
(pdftex.def)             Requested size: 213.3755pt x 284.50067pt.

Underfull \hbox (badness 10000) in paragraph at lines 26--32

 []


Underfull \hbox (badness 10000) in paragraph at lines 26--32

 []


Underfull \hbox (badness 10000) in paragraph at lines 26--32

 []

[3 <./images/wykres_float_1.png>]
<./images/iloraz2_1.png, id=26, 3035.34pt x 4047.12pt>
File: ./images/iloraz2_1.png Graphic file (type png)
<use ./images/iloraz2_1.png>
Package pdftex.def Info: ./images/iloraz2_1.png  used on input line 36.
(pdftex.def)             Requested size: 213.3755pt x 284.50067pt.
<./images/iloraz2_2.png, id=27, 3035.34pt x 4047.12pt>
File: ./images/iloraz2_2.png Graphic file (type png)
<use ./images/iloraz2_2.png>
Package pdftex.def Info: ./images/iloraz2_2.png  used on input line 37.
(pdftex.def)             Requested size: 213.3755pt x 284.50067pt.

Underfull \hbox (badness 10000) in paragraph at lines 33--40

 []


Overfull \hbox (39.3615pt too wide) in paragraph at lines 33--40
[] [] 
 []


Underfull \hbox (badness 10000) in paragraph at lines 33--40

 []


Underfull \hbox (badness 10000) in paragraph at lines 33--40

 []

[4 <./images/iloraz1.png>]
<./images/wykres_sin.png, id=32, 1278.7775pt x 559.08875pt>
File: ./images/wykres_sin.png Graphic file (type png)
<use ./images/wykres_sin.png>
Package pdftex.def Info: ./images/wykres_sin.png  used on input line 44.
(pdftex.def)             Requested size: 426.79797pt x 186.59848pt.

Underfull \hbox (badness 10000) in paragraph at lines 41--47

 []


Overfull \hbox (36.79797pt too wide) in paragraph at lines 41--47
[] 
 []


Underfull \hbox (badness 10000) in paragraph at lines 41--47

 []


Underfull \hbox (badness 10000) in paragraph at lines 41--47

 []

[5 <./images/iloraz2_1.png> <./images/iloraz2_2.png>]
Underfull \hbox (badness 10000) in paragraph at lines 48--51

 []


Underfull \hbox (badness 10000) in paragraph at lines 48--51

 []

LaTeX Font Info:    External font `cmex10' loaded for size
(Font)              <17.28> on input line 51.
<./images/wykres_float_pi.png, id=38, 1224.575pt x 673.51625pt>
File: ./images/wykres_float_pi.png Graphic file (type png)
<use ./images/wykres_float_pi.png>
Package pdftex.def Info: ./images/wykres_float_pi.png  used on input line 53.
(pdftex.def)             Requested size: 426.77649pt x 234.72707pt.

Overfull \hbox (36.77649pt too wide) in paragraph at lines 53--54
[] 
 []

[6 <./images/wykres_sin.png>]
<./images/wykres_double_pi.png, id=45, 1265.72874pt x 665.48625pt>
File: ./images/wykres_double_pi.png Graphic file (type png)
<use ./images/wykres_double_pi.png>
Package pdftex.def Info: ./images/wykres_double_pi.png  used on input line 55.
(pdftex.def)             Requested size: 426.7884pt x 224.3939pt.

Overfull \hbox (36.7884pt too wide) in paragraph at lines 55--60
[]
 []


Underfull \hbox (badness 10000) in paragraph at lines 55--60

 []


Underfull \hbox (badness 10000) in paragraph at lines 55--60

 []

[7 <./images/wykres_float_pi.png>]
Underfull \hbox (badness 10000) in paragraph at lines 68--74

 []


Underfull \hbox (badness 10000) in paragraph at lines 68--74

 []


Underfull \hbox (badness 10000) in paragraph at lines 68--74

 []

[8 <./images/wykres_double_pi.png>] [9{/usr/local/texlive/2023/texmf-dist/fonts/enc/dvips/cm-super/cm-super-ts1.enc}] (./opracowanie.aux) ) 
Here is how much of TeX's memory you used:
 2733 strings out of 476025
 46025 string characters out of 5790017
 1856388 words of memory out of 5000000
 23181 multiletter control sequences out of 15000+600000
 521811 words of font info for 54 fonts, out of 8000000 for 9000
 1141 hyphenation exceptions out of 8191
 57i,6n,62p,1277b,355s stack positions out of 10000i,1000n,20000p,200000b,200000s
</usr/local/texlive/2023/texmf-dist/fonts/type1/public/amsfonts/cm/cmmi10.pfb></usr/local/texlive/2023/texmf-dist/fonts/type1/public/amsfonts/cm/cmmi12.pfb></usr/local/texlive/2023/texmf-dist/fonts/type1/public/amsfonts/cm/cmmi6.pfb></usr/local/texlive/2023/texmf-dist/fonts/type1/public/amsfonts/cm/cmmi8.pfb></usr/local/texlive/2023/texmf-dist/fonts/type1/public/amsfonts/cm/cmr10.pfb></usr/local/texlive/2023/texmf-dist/fonts/type1/public/amsfonts/cm/cmr12.pfb></usr/local/texlive/2023/texmf-dist/fonts/type1/public/amsfonts/cm/cmr6.pfb></usr/local/texlive/2023/texmf-dist/fonts/type1/public/amsfonts/cm/cmr8.pfb></usr/local/texlive/2023/texmf-dist/fonts/type1/public/amsfonts/cm/cmsy10.pfb></usr/local/texlive/2023/texmf-dist/fonts/type1/public/amsfonts/cm/cmsy8.pfb></usr/local/texlive/2023/texmf-dist/fonts/type1/public/cm-super/sfbx1440.pfb></usr/local/texlive/2023/texmf-dist/fonts/type1/public/cm-super/sfbx1728.pfb></usr/local/texlive/2023/texmf-dist/fonts/type1/public/cm-super/sfrm1200.pfb></usr/local/texlive/2023/texmf-dist/fonts/type1/public/cm-super/sfrm1440.pfb></usr/local/texlive/2023/texmf-dist/fonts/type1/public/cm-super/sfrm2074.pfb>
Output written on opracowanie.pdf (9 pages, 68654204 bytes).
PDF statistics:
 131 PDF objects out of 1000 (max. 8388607)
 72 compressed objects within 1 object stream
 0 named destinations out of 1000 (max. 500000)
 41 words of extra memory for PDF output out of 10000 (max. 10000000)

